{"D:\\Algorithms\\algorithmHour\\image-uploader\\client\\src\\components\\inputs\\text.tsx": {"path":"D:\\Algorithms\\algorithmHour\\image-uploader\\client\\src\\components\\inputs\\text.tsx","statementMap":{"0":{"start":{"line":4,"column":11},"end":{"line":32,"column":1}},"1":{"start":{"line":5,"column":2},"end":{"line":31,"column":4}}},"fnMap":{"0":{"name":"(anonymous_0)","decl":{"start":{"line":4,"column":11},"end":{"line":4,"column":12}},"loc":{"start":{"line":4,"column":36},"end":{"line":32,"column":1}},"line":4}},"branchMap":{},"s":{"0":2,"1":10},"f":{"0":10},"b":{},"_coverageSchema":"1a1c01bbd47fc00a2c39e90264f33305004495a9","hash":"e3d202a4685411e77515721e2dd43a89086e0de8"}
,"D:\\Algorithms\\algorithmHour\\image-uploader\\client\\src\\forms\\login\\index.tsx": {"path":"D:\\Algorithms\\algorithmHour\\image-uploader\\client\\src\\forms\\login\\index.tsx","statementMap":{"0":{"start":{"line":4,"column":16},"end":{"line":63,"column":1}},"1":{"start":{"line":5,"column":4},"end":{"line":62,"column":5}}},"fnMap":{"0":{"name":"(anonymous_0)","decl":{"start":{"line":4,"column":16},"end":{"line":4,"column":17}},"loc":{"start":{"line":4,"column":46},"end":{"line":63,"column":1}},"line":4}},"branchMap":{"0":{"loc":{"start":{"line":51,"column":64},"end":{"line":51,"column":98}},"type":"cond-expr","locations":[{"start":{"line":51,"column":80},"end":{"line":51,"column":93}},{"start":{"line":51,"column":96},"end":{"line":51,"column":98}}],"line":51},"1":{"loc":{"start":{"line":52,"column":62},"end":{"line":52,"column":92}},"type":"cond-expr","locations":[{"start":{"line":52,"column":76},"end":{"line":52,"column":87}},{"start":{"line":52,"column":90},"end":{"line":52,"column":92}}],"line":52}},"s":{"0":2,"1":5},"f":{"0":5},"b":{"0":[0,5],"1":[0,5]},"_coverageSchema":"1a1c01bbd47fc00a2c39e90264f33305004495a9","hash":"92ba68ea8f6999d61f096bacdeed02ccc6b6dc9b"}
,"D:\\Algorithms\\algorithmHour\\image-uploader\\client\\src\\pages\\LoginContainer\\index.tsx": {"path":"D:\\Algorithms\\algorithmHour\\image-uploader\\client\\src\\pages\\LoginContainer\\index.tsx","statementMap":{"0":{"start":{"line":22,"column":21},"end":{"line":135,"column":1}},"1":{"start":{"line":23,"column":18},"end":{"line":23,"column":30}},"2":{"start":{"line":24,"column":38},"end":{"line":35,"column":5}},"3":{"start":{"line":37,"column":30},"end":{"line":37,"column":49}},"4":{"start":{"line":39,"column":26},"end":{"line":55,"column":5}},"5":{"start":{"line":41,"column":8},"end":{"line":41,"column":31}},"6":{"start":{"line":46,"column":12},"end":{"line":46,"column":24}},"7":{"start":{"line":47,"column":8},"end":{"line":47,"column":37}},"8":{"start":{"line":49,"column":8},"end":{"line":54,"column":9}},"9":{"start":{"line":50,"column":12},"end":{"line":53,"column":73}},"10":{"start":{"line":50,"column":37},"end":{"line":53,"column":70}},"11":{"start":{"line":57,"column":36},"end":{"line":57,"column":51}},"12":{"start":{"line":60,"column":25},"end":{"line":63,"column":5}},"13":{"start":{"line":61,"column":8},"end":{"line":61,"column":27}},"14":{"start":{"line":62,"column":8},"end":{"line":62,"column":26}},"15":{"start":{"line":65,"column":4},"end":{"line":122,"column":19}},"16":{"start":{"line":67,"column":9},"end":{"line":67,"column":25}},"17":{"start":{"line":70,"column":19},"end":{"line":73,"column":9}},"18":{"start":{"line":74,"column":8},"end":{"line":118,"column":9}},"19":{"start":{"line":75,"column":12},"end":{"line":117,"column":15}},"20":{"start":{"line":77,"column":16},"end":{"line":106,"column":17}},"21":{"start":{"line":79,"column":86},"end":{"line":79,"column":94}},"22":{"start":{"line":82,"column":20},"end":{"line":89,"column":81}},"23":{"start":{"line":82,"column":44},"end":{"line":89,"column":79}},"24":{"start":{"line":92,"column":20},"end":{"line":97,"column":33}},"25":{"start":{"line":102,"column":20},"end":{"line":102,"column":36}},"26":{"start":{"line":105,"column":20},"end":{"line":105,"column":46}},"27":{"start":{"line":108,"column":16},"end":{"line":108,"column":35}},"28":{"start":{"line":111,"column":16},"end":{"line":111,"column":48}},"29":{"start":{"line":113,"column":16},"end":{"line":116,"column":77}},"30":{"start":{"line":113,"column":40},"end":{"line":116,"column":75}},"31":{"start":{"line":124,"column":4},"end":{"line":134,"column":5}},"32":{"start":{"line":128,"column":35},"end":{"line":128,"column":50}}},"fnMap":{"0":{"name":"(anonymous_0)","decl":{"start":{"line":22,"column":21},"end":{"line":22,"column":22}},"loc":{"start":{"line":22,"column":58},"end":{"line":135,"column":1}},"line":22},"1":{"name":"(anonymous_1)","decl":{"start":{"line":39,"column":26},"end":{"line":39,"column":27}},"loc":{"start":{"line":39,"column":74},"end":{"line":55,"column":5}},"line":39},"2":{"name":"(anonymous_2)","decl":{"start":{"line":50,"column":21},"end":{"line":50,"column":22}},"loc":{"start":{"line":50,"column":37},"end":{"line":53,"column":70}},"line":50},"3":{"name":"(anonymous_3)","decl":{"start":{"line":60,"column":25},"end":{"line":60,"column":26}},"loc":{"start":{"line":60,"column":39},"end":{"line":63,"column":5}},"line":60},"4":{"name":"(anonymous_4)","decl":{"start":{"line":65,"column":14},"end":{"line":65,"column":15}},"loc":{"start":{"line":65,"column":20},"end":{"line":122,"column":5}},"line":65},"5":{"name":"(anonymous_5)","decl":{"start":{"line":76,"column":18},"end":{"line":76,"column":19}},"loc":{"start":{"line":76,"column":38},"end":{"line":109,"column":13}},"line":76},"6":{"name":"(anonymous_6)","decl":{"start":{"line":82,"column":29},"end":{"line":82,"column":30}},"loc":{"start":{"line":82,"column":44},"end":{"line":89,"column":79}},"line":82},"7":{"name":"(anonymous_7)","decl":{"start":{"line":110,"column":19},"end":{"line":110,"column":20}},"loc":{"start":{"line":110,"column":32},"end":{"line":117,"column":13}},"line":110},"8":{"name":"(anonymous_8)","decl":{"start":{"line":113,"column":25},"end":{"line":113,"column":26}},"loc":{"start":{"line":113,"column":40},"end":{"line":116,"column":75}},"line":113},"9":{"name":"(anonymous_9)","decl":{"start":{"line":128,"column":30},"end":{"line":128,"column":31}},"loc":{"start":{"line":128,"column":35},"end":{"line":128,"column":50}},"line":128}},"branchMap":{"0":{"loc":{"start":{"line":49,"column":8},"end":{"line":54,"column":9}},"type":"if","locations":[{"start":{"line":49,"column":8},"end":{"line":54,"column":9}},{"start":{"line":49,"column":8},"end":{"line":54,"column":9}}],"line":49},"1":{"loc":{"start":{"line":74,"column":8},"end":{"line":118,"column":9}},"type":"if","locations":[{"start":{"line":74,"column":8},"end":{"line":118,"column":9}},{"start":{"line":74,"column":8},"end":{"line":118,"column":9}}],"line":74},"2":{"loc":{"start":{"line":77,"column":16},"end":{"line":106,"column":17}},"type":"if","locations":[{"start":{"line":77,"column":16},"end":{"line":106,"column":17}},{"start":{"line":77,"column":16},"end":{"line":106,"column":17}}],"line":77}},"s":{"0":1,"1":2,"2":2,"3":2,"4":2,"5":0,"6":0,"7":0,"8":0,"9":0,"10":0,"11":2,"12":2,"13":0,"14":0,"15":2,"16":2,"17":2,"18":2,"19":0,"20":0,"21":0,"22":0,"23":0,"24":0,"25":0,"26":0,"27":0,"28":0,"29":0,"30":0,"31":2,"32":0},"f":{"0":2,"1":0,"2":0,"3":0,"4":2,"5":0,"6":0,"7":0,"8":0,"9":0},"b":{"0":[0,0],"1":[0,2],"2":[0,0]},"_coverageSchema":"1a1c01bbd47fc00a2c39e90264f33305004495a9","hash":"87a71f8b62cab7ea98f9fb441738b60f5de42b59"}
}
