TN:
SF:src\components\inputs\text.tsx
FN:4,(anonymous_0)
FNF:1
FNH:1
FNDA:10,(anonymous_0)
DA:4,2
DA:5,10
LF:2
LH:2
BRF:0
BRH:0
end_of_record
TN:
SF:src\forms\login\index.tsx
FN:4,(anonymous_0)
FNF:1
FNH:1
FNDA:5,(anonymous_0)
DA:4,2
DA:5,5
LF:2
LH:2
BRDA:51,0,0,0
BRDA:51,0,1,5
BRDA:52,1,0,0
BRDA:52,1,1,5
BRF:4
BRH:2
end_of_record
TN:
SF:src\pages\LoginContainer\index.tsx
FN:22,(anonymous_0)
FN:39,(anonymous_1)
FN:50,(anonymous_2)
FN:60,(anonymous_3)
FN:65,(anonymous_4)
FN:76,(anonymous_5)
FN:82,(anonymous_6)
FN:110,(anonymous_7)
FN:113,(anonymous_8)
FN:128,(anonymous_9)
FNF:10
FNH:2
FNDA:2,(anonymous_0)
FNDA:0,(anonymous_1)
FNDA:0,(anonymous_2)
FNDA:0,(anonymous_3)
FNDA:2,(anonymous_4)
FNDA:0,(anonymous_5)
FNDA:0,(anonymous_6)
FNDA:0,(anonymous_7)
FNDA:0,(anonymous_8)
FNDA:0,(anonymous_9)
DA:22,1
DA:23,2
DA:24,2
DA:37,2
DA:39,2
DA:41,0
DA:46,0
DA:47,0
DA:49,0
DA:50,0
DA:57,2
DA:60,2
DA:61,0
DA:62,0
DA:65,2
DA:67,2
DA:70,2
DA:74,2
DA:75,0
DA:77,0
DA:79,0
DA:82,0
DA:92,0
DA:102,0
DA:105,0
DA:108,0
DA:111,0
DA:113,0
DA:124,2
DA:128,0
LF:30
LH:12
BRDA:49,0,0,0
BRDA:49,0,1,0
BRDA:74,1,0,0
BRDA:74,1,1,2
BRDA:77,2,0,0
BRDA:77,2,1,0
BRF:6
BRH:1
end_of_record
